{
  "stats": {
    "suites": 1,
    "tests": 6,
    "passes": 5,
    "pending": 0,
    "failures": 1,
    "start": "2026-03-17T15:06:01.981Z",
    "end": "2026-03-17T15:06:07.153Z",
    "duration": 5172,
    "testsRegistered": 6,
    "passPercent": 83.33333333333334,
    "pendingPercent": 0,
    "other": 0,
    "hasOther": false,
    "skipped": 0,
    "hasSkipped": false
  },
  "results": [
    {
      "uuid": "06a3f7a5-c410-4feb-a76f-493941b0bdd1",
      "title": "",
      "fullFile": "cypress\\features\\todo.cy.feature",
      "file": "cypress\\features\\todo.cy.feature",
      "beforeHooks": [],
      "afterHooks": [],
      "tests": [],
      "suites": [
        {
          "uuid": "5fa9fc6c-79cc-4ac8-8d3a-a0f839367c75",
          "title": "Tests uniendo POM + Cucumber",
          "fullFile": "",
          "file": "",
          "beforeHooks": [],
          "afterHooks": [],
          "tests": [
            {
              "title": "Crear una tarea",
              "fullTitle": "Tests uniendo POM + Cucumber Crear una tarea",
              "timedOut": null,
              "duration": 1433,
              "state": "passed",
              "speed": "fast",
              "pass": true,
              "fail": false,
              "pending": false,
              "context": null,
              "code": "var _a, _b, _c, _d, _e;\n/**\n * This must always be true, otherwise something is off.\n */\n(0, assertions_1.assert)(context.includedPickles[0].id === pickle.id, \"Included pickle stack is unsynchronized\");\nconst { remainingSteps, testCaseStartedId } = retrieveInternalSpecProperties();\ntaskTestCaseStarted(context, {\n    id: testCaseStartedId,\n    testCaseId,\n    attempt: attempt++,\n    timestamp: (0, messages_1.createTimestamp)(),\n});\nwindow.testState = {\n    gherkinDocument,\n    pickles,\n    pickle,\n};\nconst onAfterStep = (options) => {\n    var _a, _b, _c;\n    const { testStepId, testStepResult } = options;\n    const end = (0, messages_1.createTimestamp)();\n    if (testStepResult.status === messages.TestStepResultStatus.PENDING ||\n        testStepResult.status === messages.TestStepResultStatus.SKIPPED) {\n        taskTestStepFinished(context, {\n            testStepId,\n            testCaseStartedId,\n            testStepResult,\n            timestamp: end,\n        });\n        remainingSteps.shift();\n        for (const skippedStep of remainingSteps) {\n            const hookIdOrPickleStepId = (0, assertions_1.ensure)((_b = (_a = skippedStep.hook) === null || _a === void 0 ? void 0 : _a.id) !== null && _b !== void 0 ? _b : (_c = skippedStep.pickleStep) === null || _c === void 0 ? void 0 : _c.id, \"Expected a step to either be a hook or a pickleStep\");\n            const testStepId = getTestStepId({\n                context,\n                pickleId: pickle.id,\n                hookIdOrPickleStepId,\n            });\n            taskTestStepStarted(context, {\n                testStepId,\n                testCaseStartedId,\n                timestamp: (0, messages_1.createTimestamp)(),\n            });\n            taskTestStepFinished(context, {\n                testStepId,\n                testCaseStartedId,\n                testStepResult: {\n                    status: messages.TestStepResultStatus.SKIPPED,\n                    duration: {\n                        seconds: 0,\n                        nanos: 0,\n                    },\n                },\n                timestamp: (0, messages_1.createTimestamp)(),\n            });\n        }\n        for (let i = 0, count = remainingSteps.length; i < count; i++) {\n            remainingSteps.pop();\n        }\n        cy.then(() => this.skip());\n    }\n    else {\n        taskTestStepFinished(context, {\n            testStepId,\n            testCaseStartedId,\n            testStepResult,\n            timestamp: (0, messages_1.createTimestamp)(),\n        });\n        remainingSteps.shift();\n    }\n};\nfor (const step of steps) {\n    if (step.hook) {\n        const hook = step.hook;\n        const testStepId = getTestStepId({\n            context,\n            pickleId: pickle.id,\n            hookIdOrPickleStepId: hook.id,\n        });\n        cy.then(() => {\n            delete window.testState.pickleStep;\n            const start = (0, messages_1.createTimestamp)();\n            internalProperties.currentStepStartedAt = start;\n            taskTestStepStarted(context, {\n                testStepId,\n                testCaseStartedId,\n                timestamp: start,\n            });\n            return cy.wrap(start, { log: false });\n        })\n            .then((start) => {\n            const options = {\n                pickle,\n                gherkinDocument,\n                testCaseStartedId,\n            };\n            return (0, cypress_1.runStepWithLogGroup)({\n                fn: dryRun\n                    ? noopFn\n                    : () => registry.runCaseHook(this, hook, options),\n                keyword: hook.keyword,\n                text: createStepDescription(hook),\n            })\n                .then(convertReturnValueToTestStepResultStatus)\n                .then((status) => {\n                return { start, status };\n            });\n        })\n            .then(({ start, status }) => onAfterStep({\n            testStepResult: {\n                status,\n                duration: (0, messages_1.duration)(start, (0, messages_1.createTimestamp)()),\n            },\n            testStepId,\n        }));\n    }\n    else if (step.pickleStep) {\n        const pickleStep = step.pickleStep;\n        const testStepId = getTestStepId({\n            context,\n            pickleId: pickle.id,\n            hookIdOrPickleStepId: pickleStep.id,\n        });\n        const text = (0, assertions_1.ensure)(pickleStep.text, \"Expected pickle step to have a text\");\n        const scenarioStep = (0, assertions_1.ensure)(context.astIdsMap.get((0, assertions_1.ensure)((_a = pickleStep.astNodeIds) === null || _a === void 0 ? void 0 : _a[0], \"Expected to find at least one astNodeId\")), `Expected to find scenario step associated with id = ${(_b = pickleStep.astNodeIds) === null || _b === void 0 ? void 0 : _b[0]}`);\n        const argument = ((_c = pickleStep.argument) === null || _c === void 0 ? void 0 : _c.dataTable)\n            ? new data_table_1.default(pickleStep.argument.dataTable)\n            : ((_e = (_d = pickleStep.argument) === null || _d === void 0 ? void 0 : _d.docString) === null || _e === void 0 ? void 0 : _e.content)\n                ? pickleStep.argument.docString.content\n                : undefined;\n        cy.then(() => {\n            window.testState.pickleStep = step.pickleStep;\n            const start = (0, messages_1.createTimestamp)();\n            internalProperties.currentStep = { pickleStep };\n            internalProperties.currentStepStartedAt = start;\n            taskTestStepStarted(context, {\n                testStepId,\n                testCaseStartedId,\n                timestamp: start,\n            });\n            return cy.wrap(start, { log: false });\n        })\n            .then((start) => {\n            const beforeStepHooks = registry.resolveBeforeStepHooks(tags);\n            const afterStepHooks = registry.resolveAfterStepHooks(tags);\n            const options = {\n                pickle,\n                pickleStep,\n                gherkinDocument,\n                testCaseStartedId,\n                testStepId,\n            };\n            const beforeHooksChain = () => beforeStepHooks.reduce((chain, beforeStepHook) => {\n                return chain.then((results) => {\n                    const start = (0, messages_1.createTimestamp)();\n                    return (0, cypress_1.runStepWithLogGroup)({\n                        keyword: \"BeforeStep\",\n                        text: createStepDescription(beforeStepHook),\n                        fn: dryRun\n                            ? noopFn\n                            : () => registry.runStepHook(this, beforeStepHook, options),\n                    })\n                        .then(convertReturnValueToTestStepResultStatus)\n                        .then((status) => results.concat({\n                        status,\n                        duration: (0, messages_1.duration)(start, (0, messages_1.createTimestamp)()),\n                    }));\n                });\n            }, cy.wrap([], { log: false }));\n            const afterStepHooksChain = () => afterStepHooks.reduce((chain, afterStepHook) => {\n                return chain.then((results) => {\n                    const start = (0, messages_1.createTimestamp)();\n                    return (0, cypress_1.runStepWithLogGroup)({\n                        keyword: \"AfterStep\",\n                        text: createStepDescription(afterStepHook),\n                        fn: dryRun\n                            ? noopFn\n                            : () => registry.runStepHook(this, afterStepHook, options),\n                    })\n                        .then(convertReturnValueToTestStepResultStatus)\n                        .then((status) => results.concat({\n                        status,\n                        duration: (0, messages_1.duration)(start, (0, messages_1.createTimestamp)()),\n                    }));\n                });\n            }, cy.wrap([], {\n                log: false,\n            }));\n            return beforeHooksChain()\n                .then((beforeStepHookResults) => {\n                return (0, cypress_1.runStepWithLogGroup)({\n                    keyword: (0, assertions_1.ensure)(\"keyword\" in scenarioStep && scenarioStep.keyword, \"Expected to find a keyword in the scenario step\"),\n                    argument,\n                    text,\n                    fn: () => {\n                        var _a, _b;\n                        try {\n                            return registry.runStepDefinition(this, text, dryRun, argument);\n                        }\n                        catch (e) {\n                            if (e instanceof registry_1.MissingDefinitionError ||\n                                e instanceof registry_1.MultipleDefinitionsError) {\n                                this.test._retries = this.test._currentRetry;\n                            }\n                            if (e instanceof registry_1.MissingDefinitionError) {\n                                let parameterType = null;\n                                if ((_a = pickleStep.argument) === null || _a === void 0 ? void 0 : _a.dataTable) {\n                                    parameterType = \"dataTable\";\n                                }\n                                else if ((_b = pickleStep.argument) === null || _b === void 0 ? void 0 : _b.docString) {\n                                    parameterType = \"docString\";\n                                }\n                                const snippets = new cucumber_expressions_1.CucumberExpressionGenerator(() => context.registry.parameterTypeRegistry\n                                    .parameterTypes)\n                                    .generateExpressions(pickleStep.text)\n                                    .map((expression) => (0, snippets_1.generateSnippet)(expression, (0, assertions_1.ensure)(pickleStep.type, \"Expected pickleStep to have a type\"), parameterType));\n                                return taskSuggestion(context, {\n                                    id: context.newId(),\n                                    pickleStepId: pickleStep.id,\n                                    snippets: snippets.map((code) => {\n                                        return {\n                                            language: \"javascript\",\n                                            code,\n                                        };\n                                    }),\n                                }).then(() => {\n                                    throw new Error(createMissingStepDefinitionMessage(context, pickleStep, snippets));\n                                });\n                            }\n                            else {\n                                throw e;\n                            }\n                        }\n                    },\n                })\n                    .then(convertReturnValueToTestStepResultStatus)\n                    .then((status) => {\n                    const testStepResult = {\n                        status,\n                        duration: (0, messages_1.duration)(start, (0, messages_1.createTimestamp)()),\n                    };\n                    return {\n                        beforeStepHookResults,\n                        testStepResult,\n                    };\n                });\n            })\n                .then(({ beforeStepHookResults, testStepResult }) => {\n                return afterStepHooksChain().then((afterStepHookResults) => {\n                    return messages.getWorstTestStepResult([\n                        ...beforeStepHookResults,\n                        testStepResult,\n                        ...afterStepHookResults,\n                    ]);\n                });\n            });\n        })\n            .then((testStepResult) => onAfterStep({ testStepResult, testStepId }));\n    }\n}",
              "err": {},
              "uuid": "5fee6e77-12c7-46cd-9b9d-f8611544d6c4",
              "parentUUID": "5fa9fc6c-79cc-4ac8-8d3a-a0f839367c75",
              "isHook": false,
              "skipped": false
            },
            {
              "title": "Marcar tarea como completada",
              "fullTitle": "Tests uniendo POM + Cucumber Marcar tarea como completada",
              "timedOut": null,
              "duration": 675,
              "state": "passed",
              "speed": "fast",
              "pass": true,
              "fail": false,
              "pending": false,
              "context": null,
              "code": "var _a, _b, _c, _d, _e;\n/**\n * This must always be true, otherwise something is off.\n */\n(0, assertions_1.assert)(context.includedPickles[0].id === pickle.id, \"Included pickle stack is unsynchronized\");\nconst { remainingSteps, testCaseStartedId } = retrieveInternalSpecProperties();\ntaskTestCaseStarted(context, {\n    id: testCaseStartedId,\n    testCaseId,\n    attempt: attempt++,\n    timestamp: (0, messages_1.createTimestamp)(),\n});\nwindow.testState = {\n    gherkinDocument,\n    pickles,\n    pickle,\n};\nconst onAfterStep = (options) => {\n    var _a, _b, _c;\n    const { testStepId, testStepResult } = options;\n    const end = (0, messages_1.createTimestamp)();\n    if (testStepResult.status === messages.TestStepResultStatus.PENDING ||\n        testStepResult.status === messages.TestStepResultStatus.SKIPPED) {\n        taskTestStepFinished(context, {\n            testStepId,\n            testCaseStartedId,\n            testStepResult,\n            timestamp: end,\n        });\n        remainingSteps.shift();\n        for (const skippedStep of remainingSteps) {\n            const hookIdOrPickleStepId = (0, assertions_1.ensure)((_b = (_a = skippedStep.hook) === null || _a === void 0 ? void 0 : _a.id) !== null && _b !== void 0 ? _b : (_c = skippedStep.pickleStep) === null || _c === void 0 ? void 0 : _c.id, \"Expected a step to either be a hook or a pickleStep\");\n            const testStepId = getTestStepId({\n                context,\n                pickleId: pickle.id,\n                hookIdOrPickleStepId,\n            });\n            taskTestStepStarted(context, {\n                testStepId,\n                testCaseStartedId,\n                timestamp: (0, messages_1.createTimestamp)(),\n            });\n            taskTestStepFinished(context, {\n                testStepId,\n                testCaseStartedId,\n                testStepResult: {\n                    status: messages.TestStepResultStatus.SKIPPED,\n                    duration: {\n                        seconds: 0,\n                        nanos: 0,\n                    },\n                },\n                timestamp: (0, messages_1.createTimestamp)(),\n            });\n        }\n        for (let i = 0, count = remainingSteps.length; i < count; i++) {\n            remainingSteps.pop();\n        }\n        cy.then(() => this.skip());\n    }\n    else {\n        taskTestStepFinished(context, {\n            testStepId,\n            testCaseStartedId,\n            testStepResult,\n            timestamp: (0, messages_1.createTimestamp)(),\n        });\n        remainingSteps.shift();\n    }\n};\nfor (const step of steps) {\n    if (step.hook) {\n        const hook = step.hook;\n        const testStepId = getTestStepId({\n            context,\n            pickleId: pickle.id,\n            hookIdOrPickleStepId: hook.id,\n        });\n        cy.then(() => {\n            delete window.testState.pickleStep;\n            const start = (0, messages_1.createTimestamp)();\n            internalProperties.currentStepStartedAt = start;\n            taskTestStepStarted(context, {\n                testStepId,\n                testCaseStartedId,\n                timestamp: start,\n            });\n            return cy.wrap(start, { log: false });\n        })\n            .then((start) => {\n            const options = {\n                pickle,\n                gherkinDocument,\n                testCaseStartedId,\n            };\n            return (0, cypress_1.runStepWithLogGroup)({\n                fn: dryRun\n                    ? noopFn\n                    : () => registry.runCaseHook(this, hook, options),\n                keyword: hook.keyword,\n                text: createStepDescription(hook),\n            })\n                .then(convertReturnValueToTestStepResultStatus)\n                .then((status) => {\n                return { start, status };\n            });\n        })\n            .then(({ start, status }) => onAfterStep({\n            testStepResult: {\n                status,\n                duration: (0, messages_1.duration)(start, (0, messages_1.createTimestamp)()),\n            },\n            testStepId,\n        }));\n    }\n    else if (step.pickleStep) {\n        const pickleStep = step.pickleStep;\n        const testStepId = getTestStepId({\n            context,\n            pickleId: pickle.id,\n            hookIdOrPickleStepId: pickleStep.id,\n        });\n        const text = (0, assertions_1.ensure)(pickleStep.text, \"Expected pickle step to have a text\");\n        const scenarioStep = (0, assertions_1.ensure)(context.astIdsMap.get((0, assertions_1.ensure)((_a = pickleStep.astNodeIds) === null || _a === void 0 ? void 0 : _a[0], \"Expected to find at least one astNodeId\")), `Expected to find scenario step associated with id = ${(_b = pickleStep.astNodeIds) === null || _b === void 0 ? void 0 : _b[0]}`);\n        const argument = ((_c = pickleStep.argument) === null || _c === void 0 ? void 0 : _c.dataTable)\n            ? new data_table_1.default(pickleStep.argument.dataTable)\n            : ((_e = (_d = pickleStep.argument) === null || _d === void 0 ? void 0 : _d.docString) === null || _e === void 0 ? void 0 : _e.content)\n                ? pickleStep.argument.docString.content\n                : undefined;\n        cy.then(() => {\n            window.testState.pickleStep = step.pickleStep;\n            const start = (0, messages_1.createTimestamp)();\n            internalProperties.currentStep = { pickleStep };\n            internalProperties.currentStepStartedAt = start;\n            taskTestStepStarted(context, {\n                testStepId,\n                testCaseStartedId,\n                timestamp: start,\n            });\n            return cy.wrap(start, { log: false });\n        })\n            .then((start) => {\n            const beforeStepHooks = registry.resolveBeforeStepHooks(tags);\n            const afterStepHooks = registry.resolveAfterStepHooks(tags);\n            const options = {\n                pickle,\n                pickleStep,\n                gherkinDocument,\n                testCaseStartedId,\n                testStepId,\n            };\n            const beforeHooksChain = () => beforeStepHooks.reduce((chain, beforeStepHook) => {\n                return chain.then((results) => {\n                    const start = (0, messages_1.createTimestamp)();\n                    return (0, cypress_1.runStepWithLogGroup)({\n                        keyword: \"BeforeStep\",\n                        text: createStepDescription(beforeStepHook),\n                        fn: dryRun\n                            ? noopFn\n                            : () => registry.runStepHook(this, beforeStepHook, options),\n                    })\n                        .then(convertReturnValueToTestStepResultStatus)\n                        .then((status) => results.concat({\n                        status,\n                        duration: (0, messages_1.duration)(start, (0, messages_1.createTimestamp)()),\n                    }));\n                });\n            }, cy.wrap([], { log: false }));\n            const afterStepHooksChain = () => afterStepHooks.reduce((chain, afterStepHook) => {\n                return chain.then((results) => {\n                    const start = (0, messages_1.createTimestamp)();\n                    return (0, cypress_1.runStepWithLogGroup)({\n                        keyword: \"AfterStep\",\n                        text: createStepDescription(afterStepHook),\n                        fn: dryRun\n                            ? noopFn\n                            : () => registry.runStepHook(this, afterStepHook, options),\n                    })\n                        .then(convertReturnValueToTestStepResultStatus)\n                        .then((status) => results.concat({\n                        status,\n                        duration: (0, messages_1.duration)(start, (0, messages_1.createTimestamp)()),\n                    }));\n                });\n            }, cy.wrap([], {\n                log: false,\n            }));\n            return beforeHooksChain()\n                .then((beforeStepHookResults) => {\n                return (0, cypress_1.runStepWithLogGroup)({\n                    keyword: (0, assertions_1.ensure)(\"keyword\" in scenarioStep && scenarioStep.keyword, \"Expected to find a keyword in the scenario step\"),\n                    argument,\n                    text,\n                    fn: () => {\n                        var _a, _b;\n                        try {\n                            return registry.runStepDefinition(this, text, dryRun, argument);\n                        }\n                        catch (e) {\n                            if (e instanceof registry_1.MissingDefinitionError ||\n                                e instanceof registry_1.MultipleDefinitionsError) {\n                                this.test._retries = this.test._currentRetry;\n                            }\n                            if (e instanceof registry_1.MissingDefinitionError) {\n                                let parameterType = null;\n                                if ((_a = pickleStep.argument) === null || _a === void 0 ? void 0 : _a.dataTable) {\n                                    parameterType = \"dataTable\";\n                                }\n                                else if ((_b = pickleStep.argument) === null || _b === void 0 ? void 0 : _b.docString) {\n                                    parameterType = \"docString\";\n                                }\n                                const snippets = new cucumber_expressions_1.CucumberExpressionGenerator(() => context.registry.parameterTypeRegistry\n                                    .parameterTypes)\n                                    .generateExpressions(pickleStep.text)\n                                    .map((expression) => (0, snippets_1.generateSnippet)(expression, (0, assertions_1.ensure)(pickleStep.type, \"Expected pickleStep to have a type\"), parameterType));\n                                return taskSuggestion(context, {\n                                    id: context.newId(),\n                                    pickleStepId: pickleStep.id,\n                                    snippets: snippets.map((code) => {\n                                        return {\n                                            language: \"javascript\",\n                                            code,\n                                        };\n                                    }),\n                                }).then(() => {\n                                    throw new Error(createMissingStepDefinitionMessage(context, pickleStep, snippets));\n                                });\n                            }\n                            else {\n                                throw e;\n                            }\n                        }\n                    },\n                })\n                    .then(convertReturnValueToTestStepResultStatus)\n                    .then((status) => {\n                    const testStepResult = {\n                        status,\n                        duration: (0, messages_1.duration)(start, (0, messages_1.createTimestamp)()),\n                    };\n                    return {\n                        beforeStepHookResults,\n                        testStepResult,\n                    };\n                });\n            })\n                .then(({ beforeStepHookResults, testStepResult }) => {\n                return afterStepHooksChain().then((afterStepHookResults) => {\n                    return messages.getWorstTestStepResult([\n                        ...beforeStepHookResults,\n                        testStepResult,\n                        ...afterStepHookResults,\n                    ]);\n                });\n            });\n        })\n            .then((testStepResult) => onAfterStep({ testStepResult, testStepId }));\n    }\n}",
              "err": {},
              "uuid": "b07853b2-72f7-41e9-beae-373e60134edc",
              "parentUUID": "5fa9fc6c-79cc-4ac8-8d3a-a0f839367c75",
              "isHook": false,
              "skipped": false
            },
            {
              "title": "Desmarcar una tarea completada",
              "fullTitle": "Tests uniendo POM + Cucumber Desmarcar una tarea completada",
              "timedOut": null,
              "duration": 783,
              "state": "passed",
              "speed": "fast",
              "pass": true,
              "fail": false,
              "pending": false,
              "context": null,
              "code": "var _a, _b, _c, _d, _e;\n/**\n * This must always be true, otherwise something is off.\n */\n(0, assertions_1.assert)(context.includedPickles[0].id === pickle.id, \"Included pickle stack is unsynchronized\");\nconst { remainingSteps, testCaseStartedId } = retrieveInternalSpecProperties();\ntaskTestCaseStarted(context, {\n    id: testCaseStartedId,\n    testCaseId,\n    attempt: attempt++,\n    timestamp: (0, messages_1.createTimestamp)(),\n});\nwindow.testState = {\n    gherkinDocument,\n    pickles,\n    pickle,\n};\nconst onAfterStep = (options) => {\n    var _a, _b, _c;\n    const { testStepId, testStepResult } = options;\n    const end = (0, messages_1.createTimestamp)();\n    if (testStepResult.status === messages.TestStepResultStatus.PENDING ||\n        testStepResult.status === messages.TestStepResultStatus.SKIPPED) {\n        taskTestStepFinished(context, {\n            testStepId,\n            testCaseStartedId,\n            testStepResult,\n            timestamp: end,\n        });\n        remainingSteps.shift();\n        for (const skippedStep of remainingSteps) {\n            const hookIdOrPickleStepId = (0, assertions_1.ensure)((_b = (_a = skippedStep.hook) === null || _a === void 0 ? void 0 : _a.id) !== null && _b !== void 0 ? _b : (_c = skippedStep.pickleStep) === null || _c === void 0 ? void 0 : _c.id, \"Expected a step to either be a hook or a pickleStep\");\n            const testStepId = getTestStepId({\n                context,\n                pickleId: pickle.id,\n                hookIdOrPickleStepId,\n            });\n            taskTestStepStarted(context, {\n                testStepId,\n                testCaseStartedId,\n                timestamp: (0, messages_1.createTimestamp)(),\n            });\n            taskTestStepFinished(context, {\n                testStepId,\n                testCaseStartedId,\n                testStepResult: {\n                    status: messages.TestStepResultStatus.SKIPPED,\n                    duration: {\n                        seconds: 0,\n                        nanos: 0,\n                    },\n                },\n                timestamp: (0, messages_1.createTimestamp)(),\n            });\n        }\n        for (let i = 0, count = remainingSteps.length; i < count; i++) {\n            remainingSteps.pop();\n        }\n        cy.then(() => this.skip());\n    }\n    else {\n        taskTestStepFinished(context, {\n            testStepId,\n            testCaseStartedId,\n            testStepResult,\n            timestamp: (0, messages_1.createTimestamp)(),\n        });\n        remainingSteps.shift();\n    }\n};\nfor (const step of steps) {\n    if (step.hook) {\n        const hook = step.hook;\n        const testStepId = getTestStepId({\n            context,\n            pickleId: pickle.id,\n            hookIdOrPickleStepId: hook.id,\n        });\n        cy.then(() => {\n            delete window.testState.pickleStep;\n            const start = (0, messages_1.createTimestamp)();\n            internalProperties.currentStepStartedAt = start;\n            taskTestStepStarted(context, {\n                testStepId,\n                testCaseStartedId,\n                timestamp: start,\n            });\n            return cy.wrap(start, { log: false });\n        })\n            .then((start) => {\n            const options = {\n                pickle,\n                gherkinDocument,\n                testCaseStartedId,\n            };\n            return (0, cypress_1.runStepWithLogGroup)({\n                fn: dryRun\n                    ? noopFn\n                    : () => registry.runCaseHook(this, hook, options),\n                keyword: hook.keyword,\n                text: createStepDescription(hook),\n            })\n                .then(convertReturnValueToTestStepResultStatus)\n                .then((status) => {\n                return { start, status };\n            });\n        })\n            .then(({ start, status }) => onAfterStep({\n            testStepResult: {\n                status,\n                duration: (0, messages_1.duration)(start, (0, messages_1.createTimestamp)()),\n            },\n            testStepId,\n        }));\n    }\n    else if (step.pickleStep) {\n        const pickleStep = step.pickleStep;\n        const testStepId = getTestStepId({\n            context,\n            pickleId: pickle.id,\n            hookIdOrPickleStepId: pickleStep.id,\n        });\n        const text = (0, assertions_1.ensure)(pickleStep.text, \"Expected pickle step to have a text\");\n        const scenarioStep = (0, assertions_1.ensure)(context.astIdsMap.get((0, assertions_1.ensure)((_a = pickleStep.astNodeIds) === null || _a === void 0 ? void 0 : _a[0], \"Expected to find at least one astNodeId\")), `Expected to find scenario step associated with id = ${(_b = pickleStep.astNodeIds) === null || _b === void 0 ? void 0 : _b[0]}`);\n        const argument = ((_c = pickleStep.argument) === null || _c === void 0 ? void 0 : _c.dataTable)\n            ? new data_table_1.default(pickleStep.argument.dataTable)\n            : ((_e = (_d = pickleStep.argument) === null || _d === void 0 ? void 0 : _d.docString) === null || _e === void 0 ? void 0 : _e.content)\n                ? pickleStep.argument.docString.content\n                : undefined;\n        cy.then(() => {\n            window.testState.pickleStep = step.pickleStep;\n            const start = (0, messages_1.createTimestamp)();\n            internalProperties.currentStep = { pickleStep };\n            internalProperties.currentStepStartedAt = start;\n            taskTestStepStarted(context, {\n                testStepId,\n                testCaseStartedId,\n                timestamp: start,\n            });\n            return cy.wrap(start, { log: false });\n        })\n            .then((start) => {\n            const beforeStepHooks = registry.resolveBeforeStepHooks(tags);\n            const afterStepHooks = registry.resolveAfterStepHooks(tags);\n            const options = {\n                pickle,\n                pickleStep,\n                gherkinDocument,\n                testCaseStartedId,\n                testStepId,\n            };\n            const beforeHooksChain = () => beforeStepHooks.reduce((chain, beforeStepHook) => {\n                return chain.then((results) => {\n                    const start = (0, messages_1.createTimestamp)();\n                    return (0, cypress_1.runStepWithLogGroup)({\n                        keyword: \"BeforeStep\",\n                        text: createStepDescription(beforeStepHook),\n                        fn: dryRun\n                            ? noopFn\n                            : () => registry.runStepHook(this, beforeStepHook, options),\n                    })\n                        .then(convertReturnValueToTestStepResultStatus)\n                        .then((status) => results.concat({\n                        status,\n                        duration: (0, messages_1.duration)(start, (0, messages_1.createTimestamp)()),\n                    }));\n                });\n            }, cy.wrap([], { log: false }));\n            const afterStepHooksChain = () => afterStepHooks.reduce((chain, afterStepHook) => {\n                return chain.then((results) => {\n                    const start = (0, messages_1.createTimestamp)();\n                    return (0, cypress_1.runStepWithLogGroup)({\n                        keyword: \"AfterStep\",\n                        text: createStepDescription(afterStepHook),\n                        fn: dryRun\n                            ? noopFn\n                            : () => registry.runStepHook(this, afterStepHook, options),\n                    })\n                        .then(convertReturnValueToTestStepResultStatus)\n                        .then((status) => results.concat({\n                        status,\n                        duration: (0, messages_1.duration)(start, (0, messages_1.createTimestamp)()),\n                    }));\n                });\n            }, cy.wrap([], {\n                log: false,\n            }));\n            return beforeHooksChain()\n                .then((beforeStepHookResults) => {\n                return (0, cypress_1.runStepWithLogGroup)({\n                    keyword: (0, assertions_1.ensure)(\"keyword\" in scenarioStep && scenarioStep.keyword, \"Expected to find a keyword in the scenario step\"),\n                    argument,\n                    text,\n                    fn: () => {\n                        var _a, _b;\n                        try {\n                            return registry.runStepDefinition(this, text, dryRun, argument);\n                        }\n                        catch (e) {\n                            if (e instanceof registry_1.MissingDefinitionError ||\n                                e instanceof registry_1.MultipleDefinitionsError) {\n                                this.test._retries = this.test._currentRetry;\n                            }\n                            if (e instanceof registry_1.MissingDefinitionError) {\n                                let parameterType = null;\n                                if ((_a = pickleStep.argument) === null || _a === void 0 ? void 0 : _a.dataTable) {\n                                    parameterType = \"dataTable\";\n                                }\n                                else if ((_b = pickleStep.argument) === null || _b === void 0 ? void 0 : _b.docString) {\n                                    parameterType = \"docString\";\n                                }\n                                const snippets = new cucumber_expressions_1.CucumberExpressionGenerator(() => context.registry.parameterTypeRegistry\n                                    .parameterTypes)\n                                    .generateExpressions(pickleStep.text)\n                                    .map((expression) => (0, snippets_1.generateSnippet)(expression, (0, assertions_1.ensure)(pickleStep.type, \"Expected pickleStep to have a type\"), parameterType));\n                                return taskSuggestion(context, {\n                                    id: context.newId(),\n                                    pickleStepId: pickleStep.id,\n                                    snippets: snippets.map((code) => {\n                                        return {\n                                            language: \"javascript\",\n                                            code,\n                                        };\n                                    }),\n                                }).then(() => {\n                                    throw new Error(createMissingStepDefinitionMessage(context, pickleStep, snippets));\n                                });\n                            }\n                            else {\n                                throw e;\n                            }\n                        }\n                    },\n                })\n                    .then(convertReturnValueToTestStepResultStatus)\n                    .then((status) => {\n                    const testStepResult = {\n                        status,\n                        duration: (0, messages_1.duration)(start, (0, messages_1.createTimestamp)()),\n                    };\n                    return {\n                        beforeStepHookResults,\n                        testStepResult,\n                    };\n                });\n            })\n                .then(({ beforeStepHookResults, testStepResult }) => {\n                return afterStepHooksChain().then((afterStepHookResults) => {\n                    return messages.getWorstTestStepResult([\n                        ...beforeStepHookResults,\n                        testStepResult,\n                        ...afterStepHookResults,\n                    ]);\n                });\n            });\n        })\n            .then((testStepResult) => onAfterStep({ testStepResult, testStepId }));\n    }\n}",
              "err": {},
              "uuid": "758c3427-61a2-445d-b7ae-10a30475107a",
              "parentUUID": "5fa9fc6c-79cc-4ac8-8d3a-a0f839367c75",
              "isHook": false,
              "skipped": false
            },
            {
              "title": "Editar el nombre de una tarea",
              "fullTitle": "Tests uniendo POM + Cucumber Editar el nombre de una tarea",
              "timedOut": null,
              "duration": 921,
              "state": "passed",
              "speed": "fast",
              "pass": true,
              "fail": false,
              "pending": false,
              "context": null,
              "code": "var _a, _b, _c, _d, _e;\n/**\n * This must always be true, otherwise something is off.\n */\n(0, assertions_1.assert)(context.includedPickles[0].id === pickle.id, \"Included pickle stack is unsynchronized\");\nconst { remainingSteps, testCaseStartedId } = retrieveInternalSpecProperties();\ntaskTestCaseStarted(context, {\n    id: testCaseStartedId,\n    testCaseId,\n    attempt: attempt++,\n    timestamp: (0, messages_1.createTimestamp)(),\n});\nwindow.testState = {\n    gherkinDocument,\n    pickles,\n    pickle,\n};\nconst onAfterStep = (options) => {\n    var _a, _b, _c;\n    const { testStepId, testStepResult } = options;\n    const end = (0, messages_1.createTimestamp)();\n    if (testStepResult.status === messages.TestStepResultStatus.PENDING ||\n        testStepResult.status === messages.TestStepResultStatus.SKIPPED) {\n        taskTestStepFinished(context, {\n            testStepId,\n            testCaseStartedId,\n            testStepResult,\n            timestamp: end,\n        });\n        remainingSteps.shift();\n        for (const skippedStep of remainingSteps) {\n            const hookIdOrPickleStepId = (0, assertions_1.ensure)((_b = (_a = skippedStep.hook) === null || _a === void 0 ? void 0 : _a.id) !== null && _b !== void 0 ? _b : (_c = skippedStep.pickleStep) === null || _c === void 0 ? void 0 : _c.id, \"Expected a step to either be a hook or a pickleStep\");\n            const testStepId = getTestStepId({\n                context,\n                pickleId: pickle.id,\n                hookIdOrPickleStepId,\n            });\n            taskTestStepStarted(context, {\n                testStepId,\n                testCaseStartedId,\n                timestamp: (0, messages_1.createTimestamp)(),\n            });\n            taskTestStepFinished(context, {\n                testStepId,\n                testCaseStartedId,\n                testStepResult: {\n                    status: messages.TestStepResultStatus.SKIPPED,\n                    duration: {\n                        seconds: 0,\n                        nanos: 0,\n                    },\n                },\n                timestamp: (0, messages_1.createTimestamp)(),\n            });\n        }\n        for (let i = 0, count = remainingSteps.length; i < count; i++) {\n            remainingSteps.pop();\n        }\n        cy.then(() => this.skip());\n    }\n    else {\n        taskTestStepFinished(context, {\n            testStepId,\n            testCaseStartedId,\n            testStepResult,\n            timestamp: (0, messages_1.createTimestamp)(),\n        });\n        remainingSteps.shift();\n    }\n};\nfor (const step of steps) {\n    if (step.hook) {\n        const hook = step.hook;\n        const testStepId = getTestStepId({\n            context,\n            pickleId: pickle.id,\n            hookIdOrPickleStepId: hook.id,\n        });\n        cy.then(() => {\n            delete window.testState.pickleStep;\n            const start = (0, messages_1.createTimestamp)();\n            internalProperties.currentStepStartedAt = start;\n            taskTestStepStarted(context, {\n                testStepId,\n                testCaseStartedId,\n                timestamp: start,\n            });\n            return cy.wrap(start, { log: false });\n        })\n            .then((start) => {\n            const options = {\n                pickle,\n                gherkinDocument,\n                testCaseStartedId,\n            };\n            return (0, cypress_1.runStepWithLogGroup)({\n                fn: dryRun\n                    ? noopFn\n                    : () => registry.runCaseHook(this, hook, options),\n                keyword: hook.keyword,\n                text: createStepDescription(hook),\n            })\n                .then(convertReturnValueToTestStepResultStatus)\n                .then((status) => {\n                return { start, status };\n            });\n        })\n            .then(({ start, status }) => onAfterStep({\n            testStepResult: {\n                status,\n                duration: (0, messages_1.duration)(start, (0, messages_1.createTimestamp)()),\n            },\n            testStepId,\n        }));\n    }\n    else if (step.pickleStep) {\n        const pickleStep = step.pickleStep;\n        const testStepId = getTestStepId({\n            context,\n            pickleId: pickle.id,\n            hookIdOrPickleStepId: pickleStep.id,\n        });\n        const text = (0, assertions_1.ensure)(pickleStep.text, \"Expected pickle step to have a text\");\n        const scenarioStep = (0, assertions_1.ensure)(context.astIdsMap.get((0, assertions_1.ensure)((_a = pickleStep.astNodeIds) === null || _a === void 0 ? void 0 : _a[0], \"Expected to find at least one astNodeId\")), `Expected to find scenario step associated with id = ${(_b = pickleStep.astNodeIds) === null || _b === void 0 ? void 0 : _b[0]}`);\n        const argument = ((_c = pickleStep.argument) === null || _c === void 0 ? void 0 : _c.dataTable)\n            ? new data_table_1.default(pickleStep.argument.dataTable)\n            : ((_e = (_d = pickleStep.argument) === null || _d === void 0 ? void 0 : _d.docString) === null || _e === void 0 ? void 0 : _e.content)\n                ? pickleStep.argument.docString.content\n                : undefined;\n        cy.then(() => {\n            window.testState.pickleStep = step.pickleStep;\n            const start = (0, messages_1.createTimestamp)();\n            internalProperties.currentStep = { pickleStep };\n            internalProperties.currentStepStartedAt = start;\n            taskTestStepStarted(context, {\n                testStepId,\n                testCaseStartedId,\n                timestamp: start,\n            });\n            return cy.wrap(start, { log: false });\n        })\n            .then((start) => {\n            const beforeStepHooks = registry.resolveBeforeStepHooks(tags);\n            const afterStepHooks = registry.resolveAfterStepHooks(tags);\n            const options = {\n                pickle,\n                pickleStep,\n                gherkinDocument,\n                testCaseStartedId,\n                testStepId,\n            };\n            const beforeHooksChain = () => beforeStepHooks.reduce((chain, beforeStepHook) => {\n                return chain.then((results) => {\n                    const start = (0, messages_1.createTimestamp)();\n                    return (0, cypress_1.runStepWithLogGroup)({\n                        keyword: \"BeforeStep\",\n                        text: createStepDescription(beforeStepHook),\n                        fn: dryRun\n                            ? noopFn\n                            : () => registry.runStepHook(this, beforeStepHook, options),\n                    })\n                        .then(convertReturnValueToTestStepResultStatus)\n                        .then((status) => results.concat({\n                        status,\n                        duration: (0, messages_1.duration)(start, (0, messages_1.createTimestamp)()),\n                    }));\n                });\n            }, cy.wrap([], { log: false }));\n            const afterStepHooksChain = () => afterStepHooks.reduce((chain, afterStepHook) => {\n                return chain.then((results) => {\n                    const start = (0, messages_1.createTimestamp)();\n                    return (0, cypress_1.runStepWithLogGroup)({\n                        keyword: \"AfterStep\",\n                        text: createStepDescription(afterStepHook),\n                        fn: dryRun\n                            ? noopFn\n                            : () => registry.runStepHook(this, afterStepHook, options),\n                    })\n                        .then(convertReturnValueToTestStepResultStatus)\n                        .then((status) => results.concat({\n                        status,\n                        duration: (0, messages_1.duration)(start, (0, messages_1.createTimestamp)()),\n                    }));\n                });\n            }, cy.wrap([], {\n                log: false,\n            }));\n            return beforeHooksChain()\n                .then((beforeStepHookResults) => {\n                return (0, cypress_1.runStepWithLogGroup)({\n                    keyword: (0, assertions_1.ensure)(\"keyword\" in scenarioStep && scenarioStep.keyword, \"Expected to find a keyword in the scenario step\"),\n                    argument,\n                    text,\n                    fn: () => {\n                        var _a, _b;\n                        try {\n                            return registry.runStepDefinition(this, text, dryRun, argument);\n                        }\n                        catch (e) {\n                            if (e instanceof registry_1.MissingDefinitionError ||\n                                e instanceof registry_1.MultipleDefinitionsError) {\n                                this.test._retries = this.test._currentRetry;\n                            }\n                            if (e instanceof registry_1.MissingDefinitionError) {\n                                let parameterType = null;\n                                if ((_a = pickleStep.argument) === null || _a === void 0 ? void 0 : _a.dataTable) {\n                                    parameterType = \"dataTable\";\n                                }\n                                else if ((_b = pickleStep.argument) === null || _b === void 0 ? void 0 : _b.docString) {\n                                    parameterType = \"docString\";\n                                }\n                                const snippets = new cucumber_expressions_1.CucumberExpressionGenerator(() => context.registry.parameterTypeRegistry\n                                    .parameterTypes)\n                                    .generateExpressions(pickleStep.text)\n                                    .map((expression) => (0, snippets_1.generateSnippet)(expression, (0, assertions_1.ensure)(pickleStep.type, \"Expected pickleStep to have a type\"), parameterType));\n                                return taskSuggestion(context, {\n                                    id: context.newId(),\n                                    pickleStepId: pickleStep.id,\n                                    snippets: snippets.map((code) => {\n                                        return {\n                                            language: \"javascript\",\n                                            code,\n                                        };\n                                    }),\n                                }).then(() => {\n                                    throw new Error(createMissingStepDefinitionMessage(context, pickleStep, snippets));\n                                });\n                            }\n                            else {\n                                throw e;\n                            }\n                        }\n                    },\n                })\n                    .then(convertReturnValueToTestStepResultStatus)\n                    .then((status) => {\n                    const testStepResult = {\n                        status,\n                        duration: (0, messages_1.duration)(start, (0, messages_1.createTimestamp)()),\n                    };\n                    return {\n                        beforeStepHookResults,\n                        testStepResult,\n                    };\n                });\n            })\n                .then(({ beforeStepHookResults, testStepResult }) => {\n                return afterStepHooksChain().then((afterStepHookResults) => {\n                    return messages.getWorstTestStepResult([\n                        ...beforeStepHookResults,\n                        testStepResult,\n                        ...afterStepHookResults,\n                    ]);\n                });\n            });\n        })\n            .then((testStepResult) => onAfterStep({ testStepResult, testStepId }));\n    }\n}",
              "err": {},
              "uuid": "828a0f59-c25b-46ad-a0b9-a5a26f58dbf2",
              "parentUUID": "5fa9fc6c-79cc-4ac8-8d3a-a0f839367c75",
              "isHook": false,
              "skipped": false
            },
            {
              "title": "Borrar una tarea",
              "fullTitle": "Tests uniendo POM + Cucumber Borrar una tarea",
              "timedOut": null,
              "duration": 453,
              "state": "passed",
              "speed": "fast",
              "pass": true,
              "fail": false,
              "pending": false,
              "context": null,
              "code": "var _a, _b, _c, _d, _e;\n/**\n * This must always be true, otherwise something is off.\n */\n(0, assertions_1.assert)(context.includedPickles[0].id === pickle.id, \"Included pickle stack is unsynchronized\");\nconst { remainingSteps, testCaseStartedId } = retrieveInternalSpecProperties();\ntaskTestCaseStarted(context, {\n    id: testCaseStartedId,\n    testCaseId,\n    attempt: attempt++,\n    timestamp: (0, messages_1.createTimestamp)(),\n});\nwindow.testState = {\n    gherkinDocument,\n    pickles,\n    pickle,\n};\nconst onAfterStep = (options) => {\n    var _a, _b, _c;\n    const { testStepId, testStepResult } = options;\n    const end = (0, messages_1.createTimestamp)();\n    if (testStepResult.status === messages.TestStepResultStatus.PENDING ||\n        testStepResult.status === messages.TestStepResultStatus.SKIPPED) {\n        taskTestStepFinished(context, {\n            testStepId,\n            testCaseStartedId,\n            testStepResult,\n            timestamp: end,\n        });\n        remainingSteps.shift();\n        for (const skippedStep of remainingSteps) {\n            const hookIdOrPickleStepId = (0, assertions_1.ensure)((_b = (_a = skippedStep.hook) === null || _a === void 0 ? void 0 : _a.id) !== null && _b !== void 0 ? _b : (_c = skippedStep.pickleStep) === null || _c === void 0 ? void 0 : _c.id, \"Expected a step to either be a hook or a pickleStep\");\n            const testStepId = getTestStepId({\n                context,\n                pickleId: pickle.id,\n                hookIdOrPickleStepId,\n            });\n            taskTestStepStarted(context, {\n                testStepId,\n                testCaseStartedId,\n                timestamp: (0, messages_1.createTimestamp)(),\n            });\n            taskTestStepFinished(context, {\n                testStepId,\n                testCaseStartedId,\n                testStepResult: {\n                    status: messages.TestStepResultStatus.SKIPPED,\n                    duration: {\n                        seconds: 0,\n                        nanos: 0,\n                    },\n                },\n                timestamp: (0, messages_1.createTimestamp)(),\n            });\n        }\n        for (let i = 0, count = remainingSteps.length; i < count; i++) {\n            remainingSteps.pop();\n        }\n        cy.then(() => this.skip());\n    }\n    else {\n        taskTestStepFinished(context, {\n            testStepId,\n            testCaseStartedId,\n            testStepResult,\n            timestamp: (0, messages_1.createTimestamp)(),\n        });\n        remainingSteps.shift();\n    }\n};\nfor (const step of steps) {\n    if (step.hook) {\n        const hook = step.hook;\n        const testStepId = getTestStepId({\n            context,\n            pickleId: pickle.id,\n            hookIdOrPickleStepId: hook.id,\n        });\n        cy.then(() => {\n            delete window.testState.pickleStep;\n            const start = (0, messages_1.createTimestamp)();\n            internalProperties.currentStepStartedAt = start;\n            taskTestStepStarted(context, {\n                testStepId,\n                testCaseStartedId,\n                timestamp: start,\n            });\n            return cy.wrap(start, { log: false });\n        })\n            .then((start) => {\n            const options = {\n                pickle,\n                gherkinDocument,\n                testCaseStartedId,\n            };\n            return (0, cypress_1.runStepWithLogGroup)({\n                fn: dryRun\n                    ? noopFn\n                    : () => registry.runCaseHook(this, hook, options),\n                keyword: hook.keyword,\n                text: createStepDescription(hook),\n            })\n                .then(convertReturnValueToTestStepResultStatus)\n                .then((status) => {\n                return { start, status };\n            });\n        })\n            .then(({ start, status }) => onAfterStep({\n            testStepResult: {\n                status,\n                duration: (0, messages_1.duration)(start, (0, messages_1.createTimestamp)()),\n            },\n            testStepId,\n        }));\n    }\n    else if (step.pickleStep) {\n        const pickleStep = step.pickleStep;\n        const testStepId = getTestStepId({\n            context,\n            pickleId: pickle.id,\n            hookIdOrPickleStepId: pickleStep.id,\n        });\n        const text = (0, assertions_1.ensure)(pickleStep.text, \"Expected pickle step to have a text\");\n        const scenarioStep = (0, assertions_1.ensure)(context.astIdsMap.get((0, assertions_1.ensure)((_a = pickleStep.astNodeIds) === null || _a === void 0 ? void 0 : _a[0], \"Expected to find at least one astNodeId\")), `Expected to find scenario step associated with id = ${(_b = pickleStep.astNodeIds) === null || _b === void 0 ? void 0 : _b[0]}`);\n        const argument = ((_c = pickleStep.argument) === null || _c === void 0 ? void 0 : _c.dataTable)\n            ? new data_table_1.default(pickleStep.argument.dataTable)\n            : ((_e = (_d = pickleStep.argument) === null || _d === void 0 ? void 0 : _d.docString) === null || _e === void 0 ? void 0 : _e.content)\n                ? pickleStep.argument.docString.content\n                : undefined;\n        cy.then(() => {\n            window.testState.pickleStep = step.pickleStep;\n            const start = (0, messages_1.createTimestamp)();\n            internalProperties.currentStep = { pickleStep };\n            internalProperties.currentStepStartedAt = start;\n            taskTestStepStarted(context, {\n                testStepId,\n                testCaseStartedId,\n                timestamp: start,\n            });\n            return cy.wrap(start, { log: false });\n        })\n            .then((start) => {\n            const beforeStepHooks = registry.resolveBeforeStepHooks(tags);\n            const afterStepHooks = registry.resolveAfterStepHooks(tags);\n            const options = {\n                pickle,\n                pickleStep,\n                gherkinDocument,\n                testCaseStartedId,\n                testStepId,\n            };\n            const beforeHooksChain = () => beforeStepHooks.reduce((chain, beforeStepHook) => {\n                return chain.then((results) => {\n                    const start = (0, messages_1.createTimestamp)();\n                    return (0, cypress_1.runStepWithLogGroup)({\n                        keyword: \"BeforeStep\",\n                        text: createStepDescription(beforeStepHook),\n                        fn: dryRun\n                            ? noopFn\n                            : () => registry.runStepHook(this, beforeStepHook, options),\n                    })\n                        .then(convertReturnValueToTestStepResultStatus)\n                        .then((status) => results.concat({\n                        status,\n                        duration: (0, messages_1.duration)(start, (0, messages_1.createTimestamp)()),\n                    }));\n                });\n            }, cy.wrap([], { log: false }));\n            const afterStepHooksChain = () => afterStepHooks.reduce((chain, afterStepHook) => {\n                return chain.then((results) => {\n                    const start = (0, messages_1.createTimestamp)();\n                    return (0, cypress_1.runStepWithLogGroup)({\n                        keyword: \"AfterStep\",\n                        text: createStepDescription(afterStepHook),\n                        fn: dryRun\n                            ? noopFn\n                            : () => registry.runStepHook(this, afterStepHook, options),\n                    })\n                        .then(convertReturnValueToTestStepResultStatus)\n                        .then((status) => results.concat({\n                        status,\n                        duration: (0, messages_1.duration)(start, (0, messages_1.createTimestamp)()),\n                    }));\n                });\n            }, cy.wrap([], {\n                log: false,\n            }));\n            return beforeHooksChain()\n                .then((beforeStepHookResults) => {\n                return (0, cypress_1.runStepWithLogGroup)({\n                    keyword: (0, assertions_1.ensure)(\"keyword\" in scenarioStep && scenarioStep.keyword, \"Expected to find a keyword in the scenario step\"),\n                    argument,\n                    text,\n                    fn: () => {\n                        var _a, _b;\n                        try {\n                            return registry.runStepDefinition(this, text, dryRun, argument);\n                        }\n                        catch (e) {\n                            if (e instanceof registry_1.MissingDefinitionError ||\n                                e instanceof registry_1.MultipleDefinitionsError) {\n                                this.test._retries = this.test._currentRetry;\n                            }\n                            if (e instanceof registry_1.MissingDefinitionError) {\n                                let parameterType = null;\n                                if ((_a = pickleStep.argument) === null || _a === void 0 ? void 0 : _a.dataTable) {\n                                    parameterType = \"dataTable\";\n                                }\n                                else if ((_b = pickleStep.argument) === null || _b === void 0 ? void 0 : _b.docString) {\n                                    parameterType = \"docString\";\n                                }\n                                const snippets = new cucumber_expressions_1.CucumberExpressionGenerator(() => context.registry.parameterTypeRegistry\n                                    .parameterTypes)\n                                    .generateExpressions(pickleStep.text)\n                                    .map((expression) => (0, snippets_1.generateSnippet)(expression, (0, assertions_1.ensure)(pickleStep.type, \"Expected pickleStep to have a type\"), parameterType));\n                                return taskSuggestion(context, {\n                                    id: context.newId(),\n                                    pickleStepId: pickleStep.id,\n                                    snippets: snippets.map((code) => {\n                                        return {\n                                            language: \"javascript\",\n                                            code,\n                                        };\n                                    }),\n                                }).then(() => {\n                                    throw new Error(createMissingStepDefinitionMessage(context, pickleStep, snippets));\n                                });\n                            }\n                            else {\n                                throw e;\n                            }\n                        }\n                    },\n                })\n                    .then(convertReturnValueToTestStepResultStatus)\n                    .then((status) => {\n                    const testStepResult = {\n                        status,\n                        duration: (0, messages_1.duration)(start, (0, messages_1.createTimestamp)()),\n                    };\n                    return {\n                        beforeStepHookResults,\n                        testStepResult,\n                    };\n                });\n            })\n                .then(({ beforeStepHookResults, testStepResult }) => {\n                return afterStepHooksChain().then((afterStepHookResults) => {\n                    return messages.getWorstTestStepResult([\n                        ...beforeStepHookResults,\n                        testStepResult,\n                        ...afterStepHookResults,\n                    ]);\n                });\n            });\n        })\n            .then((testStepResult) => onAfterStep({ testStepResult, testStepId }));\n    }\n}",
              "err": {},
              "uuid": "5854f166-bc0b-48c8-9654-fd688cbed3d1",
              "parentUUID": "5fa9fc6c-79cc-4ac8-8d3a-a0f839367c75",
              "isHook": false,
              "skipped": false
            },
            {
              "title": "Uso de los filtros",
              "fullTitle": "Tests uniendo POM + Cucumber Uso de los filtros",
              "timedOut": null,
              "duration": 496,
              "state": "failed",
              "speed": null,
              "pass": false,
              "fail": true,
              "pending": false,
              "context": null,
              "code": "var _a, _b, _c, _d, _e;\n/**\n * This must always be true, otherwise something is off.\n */\n(0, assertions_1.assert)(context.includedPickles[0].id === pickle.id, \"Included pickle stack is unsynchronized\");\nconst { remainingSteps, testCaseStartedId } = retrieveInternalSpecProperties();\ntaskTestCaseStarted(context, {\n    id: testCaseStartedId,\n    testCaseId,\n    attempt: attempt++,\n    timestamp: (0, messages_1.createTimestamp)(),\n});\nwindow.testState = {\n    gherkinDocument,\n    pickles,\n    pickle,\n};\nconst onAfterStep = (options) => {\n    var _a, _b, _c;\n    const { testStepId, testStepResult } = options;\n    const end = (0, messages_1.createTimestamp)();\n    if (testStepResult.status === messages.TestStepResultStatus.PENDING ||\n        testStepResult.status === messages.TestStepResultStatus.SKIPPED) {\n        taskTestStepFinished(context, {\n            testStepId,\n            testCaseStartedId,\n            testStepResult,\n            timestamp: end,\n        });\n        remainingSteps.shift();\n        for (const skippedStep of remainingSteps) {\n            const hookIdOrPickleStepId = (0, assertions_1.ensure)((_b = (_a = skippedStep.hook) === null || _a === void 0 ? void 0 : _a.id) !== null && _b !== void 0 ? _b : (_c = skippedStep.pickleStep) === null || _c === void 0 ? void 0 : _c.id, \"Expected a step to either be a hook or a pickleStep\");\n            const testStepId = getTestStepId({\n                context,\n                pickleId: pickle.id,\n                hookIdOrPickleStepId,\n            });\n            taskTestStepStarted(context, {\n                testStepId,\n                testCaseStartedId,\n                timestamp: (0, messages_1.createTimestamp)(),\n            });\n            taskTestStepFinished(context, {\n                testStepId,\n                testCaseStartedId,\n                testStepResult: {\n                    status: messages.TestStepResultStatus.SKIPPED,\n                    duration: {\n                        seconds: 0,\n                        nanos: 0,\n                    },\n                },\n                timestamp: (0, messages_1.createTimestamp)(),\n            });\n        }\n        for (let i = 0, count = remainingSteps.length; i < count; i++) {\n            remainingSteps.pop();\n        }\n        cy.then(() => this.skip());\n    }\n    else {\n        taskTestStepFinished(context, {\n            testStepId,\n            testCaseStartedId,\n            testStepResult,\n            timestamp: (0, messages_1.createTimestamp)(),\n        });\n        remainingSteps.shift();\n    }\n};\nfor (const step of steps) {\n    if (step.hook) {\n        const hook = step.hook;\n        const testStepId = getTestStepId({\n            context,\n            pickleId: pickle.id,\n            hookIdOrPickleStepId: hook.id,\n        });\n        cy.then(() => {\n            delete window.testState.pickleStep;\n            const start = (0, messages_1.createTimestamp)();\n            internalProperties.currentStepStartedAt = start;\n            taskTestStepStarted(context, {\n                testStepId,\n                testCaseStartedId,\n                timestamp: start,\n            });\n            return cy.wrap(start, { log: false });\n        })\n            .then((start) => {\n            const options = {\n                pickle,\n                gherkinDocument,\n                testCaseStartedId,\n            };\n            return (0, cypress_1.runStepWithLogGroup)({\n                fn: dryRun\n                    ? noopFn\n                    : () => registry.runCaseHook(this, hook, options),\n                keyword: hook.keyword,\n                text: createStepDescription(hook),\n            })\n                .then(convertReturnValueToTestStepResultStatus)\n                .then((status) => {\n                return { start, status };\n            });\n        })\n            .then(({ start, status }) => onAfterStep({\n            testStepResult: {\n                status,\n                duration: (0, messages_1.duration)(start, (0, messages_1.createTimestamp)()),\n            },\n            testStepId,\n        }));\n    }\n    else if (step.pickleStep) {\n        const pickleStep = step.pickleStep;\n        const testStepId = getTestStepId({\n            context,\n            pickleId: pickle.id,\n            hookIdOrPickleStepId: pickleStep.id,\n        });\n        const text = (0, assertions_1.ensure)(pickleStep.text, \"Expected pickle step to have a text\");\n        const scenarioStep = (0, assertions_1.ensure)(context.astIdsMap.get((0, assertions_1.ensure)((_a = pickleStep.astNodeIds) === null || _a === void 0 ? void 0 : _a[0], \"Expected to find at least one astNodeId\")), `Expected to find scenario step associated with id = ${(_b = pickleStep.astNodeIds) === null || _b === void 0 ? void 0 : _b[0]}`);\n        const argument = ((_c = pickleStep.argument) === null || _c === void 0 ? void 0 : _c.dataTable)\n            ? new data_table_1.default(pickleStep.argument.dataTable)\n            : ((_e = (_d = pickleStep.argument) === null || _d === void 0 ? void 0 : _d.docString) === null || _e === void 0 ? void 0 : _e.content)\n                ? pickleStep.argument.docString.content\n                : undefined;\n        cy.then(() => {\n            window.testState.pickleStep = step.pickleStep;\n            const start = (0, messages_1.createTimestamp)();\n            internalProperties.currentStep = { pickleStep };\n            internalProperties.currentStepStartedAt = start;\n            taskTestStepStarted(context, {\n                testStepId,\n                testCaseStartedId,\n                timestamp: start,\n            });\n            return cy.wrap(start, { log: false });\n        })\n            .then((start) => {\n            const beforeStepHooks = registry.resolveBeforeStepHooks(tags);\n            const afterStepHooks = registry.resolveAfterStepHooks(tags);\n            const options = {\n                pickle,\n                pickleStep,\n                gherkinDocument,\n                testCaseStartedId,\n                testStepId,\n            };\n            const beforeHooksChain = () => beforeStepHooks.reduce((chain, beforeStepHook) => {\n                return chain.then((results) => {\n                    const start = (0, messages_1.createTimestamp)();\n                    return (0, cypress_1.runStepWithLogGroup)({\n                        keyword: \"BeforeStep\",\n                        text: createStepDescription(beforeStepHook),\n                        fn: dryRun\n                            ? noopFn\n                            : () => registry.runStepHook(this, beforeStepHook, options),\n                    })\n                        .then(convertReturnValueToTestStepResultStatus)\n                        .then((status) => results.concat({\n                        status,\n                        duration: (0, messages_1.duration)(start, (0, messages_1.createTimestamp)()),\n                    }));\n                });\n            }, cy.wrap([], { log: false }));\n            const afterStepHooksChain = () => afterStepHooks.reduce((chain, afterStepHook) => {\n                return chain.then((results) => {\n                    const start = (0, messages_1.createTimestamp)();\n                    return (0, cypress_1.runStepWithLogGroup)({\n                        keyword: \"AfterStep\",\n                        text: createStepDescription(afterStepHook),\n                        fn: dryRun\n                            ? noopFn\n                            : () => registry.runStepHook(this, afterStepHook, options),\n                    })\n                        .then(convertReturnValueToTestStepResultStatus)\n                        .then((status) => results.concat({\n                        status,\n                        duration: (0, messages_1.duration)(start, (0, messages_1.createTimestamp)()),\n                    }));\n                });\n            }, cy.wrap([], {\n                log: false,\n            }));\n            return beforeHooksChain()\n                .then((beforeStepHookResults) => {\n                return (0, cypress_1.runStepWithLogGroup)({\n                    keyword: (0, assertions_1.ensure)(\"keyword\" in scenarioStep && scenarioStep.keyword, \"Expected to find a keyword in the scenario step\"),\n                    argument,\n                    text,\n                    fn: () => {\n                        var _a, _b;\n                        try {\n                            return registry.runStepDefinition(this, text, dryRun, argument);\n                        }\n                        catch (e) {\n                            if (e instanceof registry_1.MissingDefinitionError ||\n                                e instanceof registry_1.MultipleDefinitionsError) {\n                                this.test._retries = this.test._currentRetry;\n                            }\n                            if (e instanceof registry_1.MissingDefinitionError) {\n                                let parameterType = null;\n                                if ((_a = pickleStep.argument) === null || _a === void 0 ? void 0 : _a.dataTable) {\n                                    parameterType = \"dataTable\";\n                                }\n                                else if ((_b = pickleStep.argument) === null || _b === void 0 ? void 0 : _b.docString) {\n                                    parameterType = \"docString\";\n                                }\n                                const snippets = new cucumber_expressions_1.CucumberExpressionGenerator(() => context.registry.parameterTypeRegistry\n                                    .parameterTypes)\n                                    .generateExpressions(pickleStep.text)\n                                    .map((expression) => (0, snippets_1.generateSnippet)(expression, (0, assertions_1.ensure)(pickleStep.type, \"Expected pickleStep to have a type\"), parameterType));\n                                return taskSuggestion(context, {\n                                    id: context.newId(),\n                                    pickleStepId: pickleStep.id,\n                                    snippets: snippets.map((code) => {\n                                        return {\n                                            language: \"javascript\",\n                                            code,\n                                        };\n                                    }),\n                                }).then(() => {\n                                    throw new Error(createMissingStepDefinitionMessage(context, pickleStep, snippets));\n                                });\n                            }\n                            else {\n                                throw e;\n                            }\n                        }\n                    },\n                })\n                    .then(convertReturnValueToTestStepResultStatus)\n                    .then((status) => {\n                    const testStepResult = {\n                        status,\n                        duration: (0, messages_1.duration)(start, (0, messages_1.createTimestamp)()),\n                    };\n                    return {\n                        beforeStepHookResults,\n                        testStepResult,\n                    };\n                });\n            })\n                .then(({ beforeStepHookResults, testStepResult }) => {\n                return afterStepHooksChain().then((afterStepHookResults) => {\n                    return messages.getWorstTestStepResult([\n                        ...beforeStepHookResults,\n                        testStepResult,\n                        ...afterStepHookResults,\n                    ]);\n                });\n            });\n        })\n            .then((testStepResult) => onAfterStep({ testStepResult, testStepId }));\n    }\n}",
              "err": {
                "message": "Error: \nStep implementation missing for \"tareas activas llamadas 'TareaActiva1' y 'TareaActiva2', y una completada 'TareaCompletada'\".\n\nWe tried searching for files containing step definitions using the following search pattern templates:\n\n  - cypress\\features/[filepath]/**/*.{js,mjs,ts,tsx}\n  - cypress\\features/[filepath].{js,mjs,ts,tsx}\n  - cypress/support/step_definitions/**/*.{js,mjs,ts,tsx}\n\nThese templates resolved to the following search patterns:\n\n  - cypress\\features/todo.cy/**/*.{js,mjs,ts,tsx}\n  - cypress\\features/todo.cy.{js,mjs,ts,tsx}\n  - cypress/support/step_definitions/**/*.{js,mjs,ts,tsx}\n\nThese patterns matched the following files:\n\n  - cypress\\support\\step_definitions\\todo.cy.js\n\nHowever, none of these files contained a step definition matching \"tareas activas llamadas 'TareaActiva1' y 'TareaActiva2', y una completada 'TareaCompletada'\".\n\nYou can implement it using the suggestion(s) below.\n\n  Given(\"tareas activas llamadas {string} y {string}, y una completada {string}\", function (string, string2, string3) {\n    return \"pending\";\n  });\n  ",
                "estack": "Error: \nStep implementation missing for \"tareas activas llamadas 'TareaActiva1' y 'TareaActiva2', y una completada 'TareaCompletada'\".\n\nWe tried searching for files containing step definitions using the following search pattern templates:\n\n  - cypress\\features/[filepath]/**/*.{js,mjs,ts,tsx}\n  - cypress\\features/[filepath].{js,mjs,ts,tsx}\n  - cypress/support/step_definitions/**/*.{js,mjs,ts,tsx}\n\nThese templates resolved to the following search patterns:\n\n  - cypress\\features/todo.cy/**/*.{js,mjs,ts,tsx}\n  - cypress\\features/todo.cy.{js,mjs,ts,tsx}\n  - cypress/support/step_definitions/**/*.{js,mjs,ts,tsx}\n\nThese patterns matched the following files:\n\n  - cypress\\support\\step_definitions\\todo.cy.js\n\nHowever, none of these files contained a step definition matching \"tareas activas llamadas 'TareaActiva1' y 'TareaActiva2', y una completada 'TareaCompletada'\".\n\nYou can implement it using the suggestion(s) below.\n\n  Given(\"tareas activas llamadas {string} y {string}, y una completada {string}\", function (string, string2, string3) {\n    return \"pending\";\n  });\n  \n    at Context.eval (webpack://documentacion_cucumber/./node_modules/@badeball/cypress-cucumber-preprocessor/dist/browser-runtime.js:624:0)\n    at getRet (https://todomvc.com/__cypress/runner/cypress_runner.js:122807:20)\n    at tryCatcher (https://todomvc.com/__cypress/runner/cypress_runner.js:1777:23)\n    at Promise.attempt.Promise.try (https://todomvc.com/__cypress/runner/cypress_runner.js:4285:29)\n    at Context.thenFn (https://todomvc.com/__cypress/runner/cypress_runner.js:122818:66)\n    at Context.then (https://todomvc.com/__cypress/runner/cypress_runner.js:123069:21)\n    at wrapped (https://todomvc.com/__cypress/runner/cypress_runner.js:146330:19)\n    at <unknown> (https://todomvc.com/__cypress/runner/cypress_runner.js:152328:15)\n    at tryCatcher (https://todomvc.com/__cypress/runner/cypress_runner.js:1777:23)",
                "diff": null
              },
              "uuid": "54b3e860-333e-4528-8973-f4348bb044b9",
              "parentUUID": "5fa9fc6c-79cc-4ac8-8d3a-a0f839367c75",
              "isHook": false,
              "skipped": false
            }
          ],
          "suites": [],
          "passes": [
            "5fee6e77-12c7-46cd-9b9d-f8611544d6c4",
            "b07853b2-72f7-41e9-beae-373e60134edc",
            "758c3427-61a2-445d-b7ae-10a30475107a",
            "828a0f59-c25b-46ad-a0b9-a5a26f58dbf2",
            "5854f166-bc0b-48c8-9654-fd688cbed3d1"
          ],
          "failures": [
            "54b3e860-333e-4528-8973-f4348bb044b9"
          ],
          "pending": [],
          "skipped": [],
          "duration": 4761,
          "root": false,
          "rootEmpty": false,
          "_timeout": 2000
        }
      ],
      "passes": [],
      "failures": [],
      "pending": [],
      "skipped": [],
      "duration": 0,
      "root": true,
      "rootEmpty": true,
      "_timeout": 2000
    }
  ],
  "meta": {
    "mocha": {
      "version": "7.2.0"
    },
    "mochawesome": {
      "options": {
        "quiet": false,
        "reportFilename": "mochawesome",
        "saveHtml": true,
        "saveJson": true,
        "consoleReporter": "spec",
        "useInlineDiffs": false,
        "code": true
      },
      "version": "7.1.4"
    },
    "marge": {
      "options": {
        "configFile": "cypress/reporter-config.json"
      },
      "version": "6.3.2"
    }
  }
}